RecentVersion:v0.0.12

------------------------------------------------------------------------------------------------------------------------

ShadowverseTheSpire v0.0.13 2023-8-14
    Update:
        消失不进入消耗堆
        葬送不触发谢幕曲
        加入新卡：索魂魔

    TODO Lists:
        亡者召还bug测试
        影之诗卡牌语音
        卡牌制作：冥境咆哮犬·凯尔贝洛斯，不灭航海家
        返魂的小提琴家测试

------------------------------------------------------------------------------------------------------------------------

ShadowverseTheSpire v0.0.12 2023-8-13
    Update:
        新关键词“葬送”
        加入新卡：返魂的小提琴家，骇人大镰

    TODO Lists:
        亡者召还bug测试
        葬送时不触发谢幕曲
        影之诗卡牌语音
        卡牌制作：索魂魔，冥境咆哮犬·凯尔贝洛斯，不灭航海家

------------------------------------------------------------------------------------------------------------------------

ShadowverseTheSpire v0.0.11 2023-8-12
    Update:
        新关键词“葬送”
        加入新卡：魔炎斩击，亡骸复活者

    TODO Lists:
        亡者召还bug测试
        葬送时不触发谢幕曲
        影之诗卡牌语音
        卡牌制作：返魂的小提琴家，骇人大镰，锁魂魔，冥境咆哮犬·凯尔贝洛斯，不灭航海家

------------------------------------------------------------------------------------------------------------------------

ShadowverseTheSpire v0.0.10 2023-8-2
    Update:
        新关键词“激奏”

    TODO Lists:
        新关键词“葬送”
        亡者召还bug测试
        影之诗卡牌语音
        卡牌制作：亡骸复活者，返魂的小提琴家，骇人大镰，锁魂魔，魔炎斩击，冥境咆哮犬·凯尔贝洛斯，不灭航海家

------------------------------------------------------------------------------------------------------------------------

ShadowverseTheSpire v0.0.9 2023-7-31
    Update:
        加入新卡：骸骨士兵，骸骨爆裂，骸骨掠夺者，骷髅掠食怪
        修复了 不洁重生+ 卡牌效果与描述不符的问题
        修改幻影之啸的底层实现方式，手牌满后不会触发效果
        新关键词“爆能强化”

    TODO Lists:
        亡者召还bug测试
        影之诗卡牌语音
        卡牌制作：亡骸复活者，返魂的小提琴家，骇人大镰，锁魂魔，魔炎斩击，冥境咆哮犬·凯尔贝洛斯，不灭航海家


------------------------------------------------------------------------------------------------------------------------

ShadowverseTheSpire v0.0.8 2023-7-30
    Update:
        加入新卡：绽樱幽灵，幽灵之友
        添加语音：绽樱幽灵，幽灵之友，怨灵，打击+，防御+

    TODO Lists:
        亡者召还bug测试
        影之诗卡牌语音
        卡牌制作：骸骨掠夺者，骷髅掠食怪，亡骸复活者，返魂的小提琴家，骇人大镰，锁魂魔，魔炎斩击，冥境咆哮犬·凯尔贝洛斯，不灭航海家

------------------------------------------------------------------------------------------------------------------------

ShadowverseTheSpire v0.0.7 2023-7-29
    Update:
        添加卡牌类型、卡牌包、卡牌兵种
        添加非基础攻击卡牌进化素材
        骸骨巨蛇类型：技能->攻击
        关键词”消失“调整：新增 ”在进入弃牌堆时会被消耗““无法被亡者召还”
        新关键词”亡者召还“

    TODO Lists:
        亡者召还bug测试


------------------------------------------------------------------------------------------------------------------------

ShadowverseTheSpire v0.0.6 2023-7-23 00:01
    Update:
        “破坏”测试
        加入新关键字：谢幕曲
        加入新卡：骨骸王，米米，可可，凯尔贝洛斯
        部分数值调整
    TODO Lists:
        怨灵因无法增加到手牌时直接消失不会进入弃牌堆

------------------------------------------------------------------------------------------------------------------------

ShadowverseTheSpire v0.0.5 2023-7-21 23:52
    Update:
        “露娜的朋友” 内容填充
        唤灵师火堆界面测试
        ”墓地“能力完善
        加入新关键字“唤灵”
        加入新卡：骸骨巨魔，集体埋葬地，怨灵，亡者的盛宴

    TODO Lists:
        “破坏”内容填充
        “谢幕曲”效果
        新卡：骨骸王，凯尔贝洛斯

------------------------------------------------------------------------------------------------------------------------

ShadowverseTheSpire v0.0.4 2023-7-21 02:45
    Update:
        加入“墓地”能力
    TODO Lists:
        “露娜的朋友” 内容填充
        唤灵师火堆界面测试
        “破坏”内容填充
        重载"onUseCard",”墓地“能力开局获取

------------------------------------------------------------------------------------------------------------------------

ShadowverseTheSpire v0.0.3 2023-7-20 00:26
    Update:
        唤灵师基础UI、卡面图形设计
        “打击”、“防御”、“腐朽的骷髅兵”、“不灭的怨念” 卡面设计
        基础卡组、能力填充
        “破坏”关键字测试
    TODO Lists:
        “露娜的朋友” 内容填充
        唤灵师火堆界面测试
        “破坏”内容填充

------------------------------------------------------------------------------------------------------------------------

ShadowverseTheSpire v0.0.2 2023-7-19 00:37
    Update:
        唤灵师加入基础卡：打击，防御，腐朽的骷髅兵，不灭的怨念

    TODO Lists:
        唤灵师基础UI、卡面图形设计
        “打击”、“防御”、“腐朽的骷髅兵”、“不灭的怨念” 卡面设计
        “露娜的朋友” 内容填充

------------------------------------------------------------------------------------------------------------------------

ShadowverseTheSpire v0.0.1 2023-7-18 11:21
    Update:
        完成框架搭建

------------------------------------------------------------------------------------------------------------------------